make all --print-data-base --no-builtin-variables --no-builtin-rules --question
# GNU Make 3.81
# Copyright (C) 2006  Free Software Foundation, Inc.
# This is free software; see the source for copying conditions.
# There is NO warranty; not even for MERCHANTABILITY or FITNESS FOR A
# PARTICULAR PURPOSE.

# This program built for i386-apple-darwin11.3.0
 

# Make data base, printed on Mon Aug 22 13:31:32 2022

# Variables

# environment
VSCODE_GIT_ASKPASS_MAIN = /Applications/Visual Studio Code.app/Contents/Resources/app/extensions/git/dist/askpass-main.js
# automatic
<D = $(patsubst %/,%,$(dir $<))
# automatic
?F = $(notdir $?)
# makefile (from `Makefile', line 41)
OBJ = $(addprefix $(OBJ_DIR), $(addsuffix .o, $(SRC_FILES)))
# makefile (from `Makefile', line 27)
GRAY = \033[0;90m
# makefile (from `Makefile', line 40)
SRC = $(addprefix $(SRC_DIR), $(addsuffix .c, $(SRC_FILES)))
# environment
VSCODE_LOG_NATIVE = false
# automatic
?D = $(patsubst %/,%,$(dir $?))
# automatic
@D = $(patsubst %/,%,$(dir $@))
# automatic
@F = $(notdir $@)
# makefile
CURDIR := /Users/yback/Desktop/42inner/42Inner/ft_printf/withBonus
# makefile
SHELL = /bin/sh
# makefile (from `Makefile', line 21)
RM = rm -f
# environment
VSCODE_NLS_CONFIG = {"locale":"en-us","availableLanguages":{},"_languagePackSupport":true}
# environment
_ = /usr/bin/make
# makefile (from `Makefile', line 20)
CFLAGS = -Wall -Werror -Wextra -I
# makefile (from `Makefile', line 31)
BLUE = \033[0;94m
# makefile (from `Makefile', line 1)
MAKEFILE_LIST :=  Makefile
# makefile (from `Makefile', line 18)
OBJ_DIR = obj/
# environment
VSCODE_VERBOSE_LOGGING = true
# environment
VSCODE_IPC_HOOK_EXTHOST = /var/folders/zz/zyxvpxvq6csfxvn_n000cr4m003615/T/vscode-ipc-e1a86cbe-2976-4eb3-926a-2fa0f4d5a7cc.sock
# environment
VSCODE_CWD = /Users/yback/Desktop/42inner/42Inner/ft_printf/withBonus
# environment
PATH = /usr/local/bin:/usr/bin:/bin:/usr/sbin:/sbin:/usr/local/munki
# environment
LSCOLORS = Gxfxcxdxbxegedabagacad
# makefile (from `Makefile', line 22)
AR = ar rcs
# environment
VSCODE_LOG_STACK = false
# environment
ELECTRON_RUN_AS_NODE = 1
# default
.FEATURES := target-specific order-only second-expansion else-if archives jobserver check-symlink
# environment
SSH_AUTH_SOCK = /private/tmp/com.apple.launchd.YvGMnno861/Listeners
# automatic
%F = $(notdir $%)
# environment
VSCODE_PIPE_LOGGING = true
# environment
PWD = /Users/yback/Desktop/42inner/42Inner/ft_printf/withBonus
# environment
ORIGINAL_XDG_CURRENT_DESKTOP = undefined
# makefile (from `Makefile', line 29)
GREEN = \033[0;92m
# environment
VSCODE_AMD_ENTRYPOINT = vs/workbench/api/node/extensionHostProcess
# environment
HOME = /Users/yback
# default
MAKEFILEPATH := /Applications/Xcode.app/Contents/Developer/Makefiles
# environment
VSCODE_CODE_CACHE_PATH = /Users/yback/Library/Application Support/Code/CachedData/c3511e6c69bb39013c4a4b7b9566ec1ca73fc4d5
# environment
LOGNAME = yback
# environment
APPLICATION_INSIGHTS_NO_DIAGNOSTIC_CHANNEL = 1
# environment
ZSH = /Users/yback/.oh-my-zsh
# environment
VSCODE_HANDLES_UNCAUGHT_ERRORS = true
# automatic
^D = $(patsubst %/,%,$(dir $^))
# environment
MAKELEVEL := 0
# environment
XPC_FLAGS = 0x0
# environment
COLORTERM = truecolor
# default
MAKE = $(MAKE_COMMAND)
# environment
LC_TERMINAL = iTerm2
# makefile (from `Makefile', line 26)
DEF_COLOR = \033[0;39m
# environment
SHLVL = 3
# makefile (from `Makefile', line 34)
WHITE = \033[0;97m
# makefile (from `Makefile', line 19)
CC = gcc
# default
MAKE_VERSION := 3.81
# environment
USER = yback
# makefile
.DEFAULT_GOAL := all
# makefile (from `Makefile', line 16)
INCLUDE = include
# default
MAKECMDGOALS := all
# environment
TERM_SESSION_ID = w0t0p0:F67D3432-B35E-48E4-A069-F6548EB95025
# makefile (from `Makefile', line 15)
NAME = libftprintf.a
# environment
LESS = -R
# automatic
%D = $(patsubst %/,%,$(dir $%))
# default
MAKE_COMMAND := /Applications/Xcode.app/Contents/Developer/usr/bin/make
# environment
VSCODE_GIT_ASKPASS_EXTRA_ARGS = --ms-enable-electron-run-as-node
# environment
TERM_PROGRAM = vscode
# default
 
.VARIABLES := 
# environment
TMPDIR = /var/folders/zz/zyxvpxvq6csfxvn_n000cr4m003615/T/
# automatic
*F = $(notdir $*)
# environment
VSCODE_IPC_HOOK = /Users/yback/Library/Application Support/Code/1.67.2-main.sock
# environment
VSCODE_GIT_ASKPASS_NODE = /Applications/Visual Studio Code.app/Contents/MacOS/Electron
# makefile (from `Makefile', line 28)
RED = \033[0;91m
# makefile
MAKEFLAGS = Rrqp
# environment
MFLAGS = -Rrqp
# automatic
*D = $(patsubst %/,%,$(dir $*))
# environment
TERM_PROGRAM_VERSION = 1.67.2
# environment
XPC_SERVICE_NAME = com.microsoft.VSCode.1164.E5BB4EF9-5D0D-4968-9DC3-98CD39E48CB0
# environment
LC_TERMINAL_VERSION = 3.3.7
# automatic
+D = $(patsubst %/,%,$(dir $+))
# makefile (from `Makefile', line 30)
YELLOW = \033[0;93m
# makefile (from `Makefile', line 33)
CYAN = \033[0;96m
# automatic
+F = $(notdir $+)
# environment
ITERM_SESSION_ID = w0t0p0:F67D3432-B35E-48E4-A069-F6548EB95025
# environment
COLORFGBG = 7;0
# environment
__CF_USER_TEXT_ENCODING = 0x19825:0x3:0x33
# environment
GIT_ASKPASS = /Applications/Visual Studio Code.app/Contents/Resources/app/extensions/git/dist/askpass.sh
# default
MAKEFILES := 
# makefile (from `Makefile', line 17)
SRC_DIR = src/
# automatic
<F = $(notdir $<)
# environment
ITERM_PROFILE = Default
# environment
PAGER = less
# environment
LC_ALL = C
# automatic
^F = $(notdir $^)
# makefile (from `Makefile', line 38)
SRC_FILES = checkings cook_cspdixx cook_info ft_printf_util ft_printf
# default
SUFFIXES := 
# default
.INCLUDE_DIRS = /usr/local/include
# makefile (from `Makefile', line 32)
MAGENTA = \033[0;95m
# environment
VSCODE_GIT_IPC_HANDLE = /var/folders/zz/zyxvpxvq6csfxvn_n000cr4m003615/T/vscode-git-a992031254.sock
# environment
LANG = C
# environment
TERM = xterm-256color
# environment
VSCODE_PID = 83368
# variable set hash-table stats:
# Load=99/1024=10%, Rehash=0, Collisions=11/138=8%

# Pattern-specific Variable Values

# No pattern-specific variable values.

# Directories

# . (device 16777225, inode 1187458): 8 files, no impossibilities.
# src (device 16777225, inode 1216357): 3 files, no impossibilities so far.

# 11 files, no impossibilities in 2 directories.

# Implicit Rules

obj/%.o: src/%.c
#  commands to execute (from `Makefile', line 52):
	@mkdir -p $(OBJ_DIR)
	@echo "$(YELLOW)Compiling: $< $(DEF_COLOR)"
	@$(CC) $(CFLAGS) $(INCLUDE) -c $< -o $@
	

# 1 implicit rules, 0 (0.0%) terminal.

# Files

# Not a target:
src/checkings.c:
#  Implicit rule search has been done.
#  Last modified 2022-08-22 13:01:07
#  File has been updated.
#  Successfully updated.
# variable set hash-table stats:
# Load=0/32=0%, Rehash=0, Collisions=0/0=0%

all: libftprintf.a
#  Phony target (prerequisite of .PHONY).
#  Command-line target.
#  Implicit rule search has not been done.
#  File does not exist.
#  File has been updated.
#  Needs to be updated (-q is set).
# variable set hash-table stats:
# Load=0/32=0%, Rehash=0, Collisions=0/8=0%

.PHONY: all clean fclean re
#  Implicit rule search has not been done.
#  Modification time never checked.
#  File has not been updated.

# Not a target:
.SUFFIXES:
#  Implicit rule search has not been done.
#  Modification time never checked.
#  File has not been updated.

# Not a target:
Makefile:
#  Implicit rule search has been done.
#  Last modified 2022-08-20 20:10:13
#  File has been updated.
#  Successfully updated.
# variable set hash-table stats:
# Load=0/32=0%, Rehash=0, Collisions=0/0=0%

# Not a target:
obj/cook_info.o:
#  Implicit rule search has not been done.
#  Modification time never checked.
#  File has not been updated.

# Not a target:
obj/ft_printf_util.o:
 
#  Implicit rule search has not been done.
#  Modification time never checked.
#  File has not been updated.

fclean: clean
#  Phony target (prerequisite of .PHONY).
#  Implicit rule search has not been done.
#  File does not exist.
#  File has not been updated.
#  commands to execute (from `Makefile', line 61):
	@$(RM) -f $(NAME)
	@echo "$(CYAN)ft_printf executable files cleaned!$(DEF_COLOR)"
	

# Not a target:
obj/cook_cspdixx.o:
#  Implicit rule search has not been done.
#  Modification time never checked.
#  File has not been updated.

# Not a target:
obj/ft_printf.o:
#  Implicit rule search has not been done.
#  Modification time never checked.
#  File has not been updated.

# Not a target:
.DEFAULT:
#  Implicit rule search has not been done.
#  Modification time never checked.
#  File has not been updated.

re: fclean all
#  Phony target (prerequisite of .PHONY).
#  Implicit rule search has not been done.
#  File does not exist.
#  File has not been updated.
#  commands to execute (from `Makefile', line 65):
	@echo "$(Green)Cleaned and rebuilt everything for ft_printf!$(DEF_COLOR)"
	

clean:
#  Phony target (prerequisite of .PHONY).
#  Implicit rule search has not been done.
#  File does not exist.
#  File has not been updated.
#  commands to execute (from `Makefile', line 57):
	@$(RM) -rf $(OBJ_DIR)
	@echo "$(BLUE)ft_printf object files cleaned!$(DEF_COLOR)"
	

obj/checkings.o: src/checkings.c
#  Implicit rule search has been done.
#  Implicit/static pattern stem: `checkings'
#  File does not exist.
#  File has been updated.
#  Needs to be updated (-q is set).
# automatic
# @ := obj/checkings.o
# automatic
# % := 
# automatic
# * := checkings
# automatic
# + := src/checkings.c
# automatic
# | := 
# automatic
# < := src/checkings.c
# automatic
# ^ := src/checkings.c
# automatic
# ? := src/checkings.c
# variable set hash-table stats:
# Load=8/32=25%, Rehash=0, Collisions=2/19=11%
#  commands to execute (from `Makefile', line 52):
	@mkdir -p $(OBJ_DIR)
	@echo "$(YELLOW)Compiling: $< $(DEF_COLOR)"
	@$(CC) $(CFLAGS) $(INCLUDE) -c $< -o $@
	

libftprintf.a: obj/checkings.o obj/cook_cspdixx.o obj/cook_info.o obj/ft_printf_util.o obj/ft_printf.o
#  Implicit rule search has not been done.
#  File does not exist.
#  File has been updated.
#  Needs to be updated (-q is set).
# variable set hash-table stats:
# Load=0/32=0%, Rehash=0, Collisions=0/8=0%
#  commands to execute (from `Makefile', line 48):
	@$(AR) $(NAME) $(OBJ)
	@echo "$(GREEN)ft_printf compiled!$(DEF_COLOR)"
	

# files hash-table stats:
# Load=15/1024=1%, Rehash=0, Collisions=0/44=0%
# VPATH Search Paths

# No `vpath' search paths.

# No general (`VPATH' variable) search path.

# # of strings in strcache: 1
# # of strcache buffers: 1
# strcache size: total = 4096 / max = 4096 / min = 4096 / avg = 4096
# strcache free: total = 4087 / max = 4087 / min = 4087 / avg = 4087

# Finished Make data base on Mon Aug 22 13:31:32 2022

 
